e:\testgame\mj_client-master\frameworks\runtime-src\proj.win32\release.win32\stdafx.obj
e:\testgame\mj_client-master\frameworks\runtime-src\proj.win32\release.win32\main.obj
e:\testgame\mj_client-master\frameworks\runtime-src\proj.win32\release.win32\appdelegate.obj
e:\testgame\mj_client-master\frameworks\runtime-src\proj.win32\release.win32\lua_debugger.obj
e:\testgame\mj_client-master\frameworks\runtime-src\proj.win32\release.win32\simulatorwin.obj
e:\testgame\mj_client-master\frameworks\runtime-src\proj.win32\release.win32\runtimeluaimpl.obj
e:\testgame\mj_client-master\frameworks\runtime-src\proj.win32\release.win32\vc140.pdb
e:\testgame\mj_client-master\frameworks\runtime-src\proj.win32\release.win32\mj_client.exe
e:\testgame\mj_client-master\frameworks\runtime-src\proj.win32\release.win32\mj_client.pdb
e:\testgame\mj_client-master\frameworks\runtime-src\proj.win32\release.win32\mj_client.lib
e:\testgame\mj_client-master\frameworks\runtime-src\proj.win32\release.win32\mj_client.exp
e:\testgame\mj_client-master\frameworks\runtime-src\proj.win32\mj_client.cab
e:\testgame\mj_client-master\frameworks\runtime-src\proj.win32\release.win32\game.res
e:\testgame\mj_client-master\frameworks\runtime-src\proj.win32\release.win32\libcocos2d.exp
e:\testgame\mj_client-master\frameworks\runtime-src\proj.win32\release.win32\libcocos2d.pdb
e:\testgame\mj_client-master\frameworks\runtime-src\proj.win32\release.win32\mj_client.tlog\cl.command.1.tlog
e:\testgame\mj_client-master\frameworks\runtime-src\proj.win32\release.win32\mj_client.tlog\cl.read.1.tlog
e:\testgame\mj_client-master\frameworks\runtime-src\proj.win32\release.win32\mj_client.tlog\cl.write.1.tlog
e:\testgame\mj_client-master\frameworks\runtime-src\proj.win32\release.win32\mj_client.tlog\link.command.1.tlog
e:\testgame\mj_client-master\frameworks\runtime-src\proj.win32\release.win32\mj_client.tlog\link.read.1.tlog
e:\testgame\mj_client-master\frameworks\runtime-src\proj.win32\release.win32\mj_client.tlog\link.write.1.tlog
e:\testgame\mj_client-master\frameworks\runtime-src\proj.win32\release.win32\mj_client.tlog\mj_client.write.1u.tlog
e:\testgame\mj_client-master\frameworks\runtime-src\proj.win32\release.win32\mj_client.tlog\rc.command.1.tlog
e:\testgame\mj_client-master\frameworks\runtime-src\proj.win32\release.win32\mj_client.tlog\rc.read.1.tlog
e:\testgame\mj_client-master\frameworks\runtime-src\proj.win32\release.win32\mj_client.tlog\rc.write.1.tlog
